  main.cpp
c:\users\phill\documents\my documents\university\year 1\programming fundamentals\assignment 1 work\philip guy - cgp400 - assignment 1\philip guy cgp400 assignment 1\main.cpp(81): warning C4244: 'argument': conversion from 'time_t' to 'unsigned int', possible loss of data
c:\users\phill\documents\my documents\university\year 1\programming fundamentals\assignment 1 work\philip guy - cgp400 - assignment 1\philip guy cgp400 assignment 1\main.cpp(148): warning C4244: '=': conversion from 'double' to 'int', possible loss of data
c:\users\phill\documents\my documents\university\year 1\programming fundamentals\assignment 1 work\philip guy - cgp400 - assignment 1\philip guy cgp400 assignment 1\main.cpp(176): warning C4244: '=': conversion from 'double' to 'int', possible loss of data
c:\users\phill\documents\my documents\university\year 1\programming fundamentals\assignment 1 work\philip guy - cgp400 - assignment 1\philip guy cgp400 assignment 1\main.cpp(208): warning C4244: '=': conversion from 'double' to 'int', possible loss of data
c:\users\phill\documents\my documents\university\year 1\programming fundamentals\assignment 1 work\philip guy - cgp400 - assignment 1\philip guy cgp400 assignment 1\main.cpp(254): warning C4244: '=': conversion from 'double' to 'int', possible loss of data
c:\users\phill\documents\my documents\university\year 1\programming fundamentals\assignment 1 work\philip guy - cgp400 - assignment 1\philip guy cgp400 assignment 1\main.cpp(281): warning C4244: '=': conversion from 'double' to 'int', possible loss of data
c:\users\phill\documents\my documents\university\year 1\programming fundamentals\assignment 1 work\philip guy - cgp400 - assignment 1\philip guy cgp400 assignment 1\main.cpp(313): warning C4244: '=': conversion from 'double' to 'int', possible loss of data
c:\users\phill\documents\my documents\university\year 1\programming fundamentals\assignment 1 work\philip guy - cgp400 - assignment 1\philip guy cgp400 assignment 1\main.cpp(440): warning C4244: '=': conversion from 'double' to 'int', possible loss of data
c:\users\phill\documents\my documents\university\year 1\programming fundamentals\assignment 1 work\philip guy - cgp400 - assignment 1\philip guy cgp400 assignment 1\main.cpp(467): warning C4244: '=': conversion from 'double' to 'int', possible loss of data
c:\users\phill\documents\my documents\university\year 1\programming fundamentals\assignment 1 work\philip guy - cgp400 - assignment 1\philip guy cgp400 assignment 1\main.cpp(497): warning C4244: '=': conversion from 'double' to 'int', possible loss of data
c:\users\phill\documents\my documents\university\year 1\programming fundamentals\assignment 1 work\philip guy - cgp400 - assignment 1\philip guy cgp400 assignment 1\main.cpp(539): warning C4244: '=': conversion from 'double' to 'int', possible loss of data
c:\users\phill\documents\my documents\university\year 1\programming fundamentals\assignment 1 work\philip guy - cgp400 - assignment 1\philip guy cgp400 assignment 1\main.cpp(565): warning C4244: '=': conversion from 'double' to 'int', possible loss of data
c:\users\phill\documents\my documents\university\year 1\programming fundamentals\assignment 1 work\philip guy - cgp400 - assignment 1\philip guy cgp400 assignment 1\main.cpp(595): warning C4244: '=': conversion from 'double' to 'int', possible loss of data
c:\users\phill\documents\my documents\university\year 1\programming fundamentals\assignment 1 work\philip guy - cgp400 - assignment 1\philip guy cgp400 assignment 1\main.cpp(103): warning C4473: 'printf' : not enough arguments passed for format string
  c:\users\phill\documents\my documents\university\year 1\programming fundamentals\assignment 1 work\philip guy - cgp400 - assignment 1\philip guy cgp400 assignment 1\main.cpp(103): note: placeholders and their parameters expect 1 variadic arguments, but 0 were provided
  c:\users\phill\documents\my documents\university\year 1\programming fundamentals\assignment 1 work\philip guy - cgp400 - assignment 1\philip guy cgp400 assignment 1\main.cpp(103): note: the missing variadic argument 1 is required by format string '% c'
c:\users\phill\documents\my documents\university\year 1\programming fundamentals\assignment 1 work\philip guy - cgp400 - assignment 1\philip guy cgp400 assignment 1\main.cpp(104): warning C4473: 'printf' : not enough arguments passed for format string
  c:\users\phill\documents\my documents\university\year 1\programming fundamentals\assignment 1 work\philip guy - cgp400 - assignment 1\philip guy cgp400 assignment 1\main.cpp(104): note: placeholders and their parameters expect 1 variadic arguments, but 0 were provided
  c:\users\phill\documents\my documents\university\year 1\programming fundamentals\assignment 1 work\philip guy - cgp400 - assignment 1\philip guy cgp400 assignment 1\main.cpp(104): note: the missing variadic argument 1 is required by format string '% c'
c:\users\phill\documents\my documents\university\year 1\programming fundamentals\assignment 1 work\philip guy - cgp400 - assignment 1\philip guy cgp400 assignment 1\main.cpp(105): warning C4476: 'printf' : unknown type field character ')' in format specifier
c:\users\phill\documents\my documents\university\year 1\programming fundamentals\assignment 1 work\philip guy - cgp400 - assignment 1\philip guy cgp400 assignment 1\main.cpp(105): warning C4473: 'printf' : not enough arguments passed for format string
  c:\users\phill\documents\my documents\university\year 1\programming fundamentals\assignment 1 work\philip guy - cgp400 - assignment 1\philip guy cgp400 assignment 1\main.cpp(105): note: placeholders and their parameters expect 1 variadic arguments, but 0 were provided
  c:\users\phill\documents\my documents\university\year 1\programming fundamentals\assignment 1 work\philip guy - cgp400 - assignment 1\philip guy cgp400 assignment 1\main.cpp(105): note: the missing variadic argument 1 is required by format string '% c'
c:\users\phill\documents\my documents\university\year 1\programming fundamentals\assignment 1 work\philip guy - cgp400 - assignment 1\philip guy cgp400 assignment 1\main.cpp(107): warning C4476: 'printf' : unknown type field character '\n' in format specifier
c:\users\phill\documents\my documents\university\year 1\programming fundamentals\assignment 1 work\philip guy - cgp400 - assignment 1\philip guy cgp400 assignment 1\main.cpp(278): warning C4390: ';': empty controlled statement found; is this the intent?
c:\users\phill\documents\my documents\university\year 1\programming fundamentals\assignment 1 work\philip guy - cgp400 - assignment 1\philip guy cgp400 assignment 1\main.cpp(372): warning C4390: ';': empty controlled statement found; is this the intent?
c:\users\phill\documents\my documents\university\year 1\programming fundamentals\assignment 1 work\philip guy - cgp400 - assignment 1\philip guy cgp400 assignment 1\main.cpp(414): warning C4390: ';': empty controlled statement found; is this the intent?
c:\users\phill\documents\my documents\university\year 1\programming fundamentals\assignment 1 work\philip guy - cgp400 - assignment 1\philip guy cgp400 assignment 1\main.cpp(464): warning C4390: ';': empty controlled statement found; is this the intent?
c:\users\phill\documents\my documents\university\year 1\programming fundamentals\assignment 1 work\philip guy - cgp400 - assignment 1\philip guy cgp400 assignment 1\main.cpp(562): warning C4390: ';': empty controlled statement found; is this the intent?
  Philip Guy CGP400 Assignment 1.vcxproj -> C:\Users\phill\Documents\My Documents\University\Year 1\Programming Fundamentals\Assignment 1 work\Philip Guy - CGP400 - Assignment 1\Philip Guy CGP400 Assignment 1\Debug\Philip Guy CGP400 Assignment 1.exe
  Philip Guy CGP400 Assignment 1.vcxproj -> C:\Users\phill\Documents\My Documents\University\Year 1\Programming Fundamentals\Assignment 1 work\Philip Guy - CGP400 - Assignment 1\Philip Guy CGP400 Assignment 1\Debug\Philip Guy CGP400 Assignment 1.pdb (Full PDB)
